# JRE version: OpenJDK Runtime Environment Microsoft-11369865 (17.0.15+6) (build 17.0.15+6-LTS)
# Java VM: OpenJDK 64-Bit Server VM Microsoft-11369865 (17.0.15+6-LTS, mixed mode, sharing, tiered, compressed oops, compressed class ptrs, g1 gc, windows-amd64)
GC Precious Log:
 CPUs: 12 total, 12 available
 Memory: 16068M
 Large Page Support: Disabled
 NUMA Support: Disabled
 Compressed Oops: Enabled (32-bit)
 Heap Region Size: 1M
 Heap Min Capacity: 8M
 Heap Initial Capacity: 252M
 Heap Max Capacity: 2G
 Pre-touch: Disabled
 Parallel Workers: 10
 Concurrent Workers: 3
 Concurrent Refinement Workers: 10
 Periodic GC: Disabled
Heap:
 garbage-first heap   total 125952K, used 93643K [0x0000000080000000, 0x0000000100000000)
  region size 1024K, 37 young (37888K), 6 survivors (6144K)
 Metaspace       used 68885K, committed 69696K, reserved 491520K
  class space    used 9772K, committed 10176K, reserved 425984K
GC Heap History (20 events):
Event: 7.353 GC heap before
{Heap before GC invocations=18 (full 0):
 garbage-first heap   total 86016K, used 44332K [0x0000000080000000, 0x0000000100000000)
  region size 1024K, 4 young (4096K), 3 survivors (3072K)
 Metaspace       used 53622K, committed 54208K, reserved 491520K
  class space    used 7550K, committed 7808K, reserved 425984K
}
Event: 7.355 GC heap after
{Heap after GC invocations=19 (full 0):
 garbage-first heap   total 86016K, used 44773K [0x0000000080000000, 0x0000000100000000)
  region size 1024K, 2 young (2048K), 2 survivors (2048K)
 Metaspace       used 53622K, committed 54208K, reserved 491520K
  class space    used 7550K, committed 7808K, reserved 425984K
}
Event: 7.432 GC heap before
{Heap before GC invocations=20 (full 0):
 garbage-first heap   total 86016K, used 49893K [0x0000000080000000, 0x0000000100000000)
  region size 1024K, 5 young (5120K), 2 survivors (2048K)
 Metaspace       used 53707K, committed 54336K, reserved 491520K
  class space    used 7566K, committed 7872K, reserved 425984K
}
Event: 7.434 GC heap after
{Heap after GC invocations=21 (full 0):
 garbage-first heap   total 86016K, used 48588K [0x0000000080000000, 0x0000000100000000)
  region size 1024K, 2 young (2048K), 2 survivors (2048K)
 Metaspace       used 53707K, committed 54336K, reserved 491520K
  class space    used 7566K, committed 7872K, reserved 425984K
}
Event: 7.606 GC heap before
{Heap before GC invocations=22 (full 0):
 garbage-first heap   total 87040K, used 64972K [0x0000000080000000, 0x0000000100000000)
  region size 1024K, 16 young (16384K), 2 survivors (2048K)
 Metaspace       used 54635K, committed 55296K, reserved 491520K
  class space    used 7708K, committed 8000K, reserved 425984K
}
Event: 7.608 GC heap after
{Heap after GC invocations=23 (full 0):
 garbage-first heap   total 87040K, used 51193K [0x0000000080000000, 0x0000000100000000)
  region size 1024K, 2 young (2048K), 2 survivors (2048K)
 Metaspace       used 54635K, committed 55296K, reserved 491520K
  class space    used 7708K, committed 8000K, reserved 425984K
}
Event: 7.757 GC heap before
{Heap before GC invocations=23 (full 0):
 garbage-first heap   total 87040K, used 65529K [0x0000000080000000, 0x0000000100000000)
  region size 1024K, 16 young (16384K), 2 survivors (2048K)
 Metaspace       used 56496K, committed 57216K, reserved 491520K
  class space    used 7972K, committed 8320K, reserved 425984K
}
Event: 7.758 GC heap after
{Heap after GC invocations=24 (full 0):
 garbage-first heap   total 104448K, used 51881K [0x0000000080000000, 0x0000000100000000)
  region size 1024K, 2 young (2048K), 2 survivors (2048K)
 Metaspace       used 56496K, committed 57216K, reserved 491520K
  class space    used 7972K, committed 8320K, reserved 425984K
}
Event: 7.969 GC heap before
{Heap before GC invocations=25 (full 0):
 garbage-first heap   total 104448K, used 75433K [0x0000000080000000, 0x0000000100000000)
  region size 1024K, 26 young (26624K), 2 survivors (2048K)
 Metaspace       used 58129K, committed 58752K, reserved 491520K
  class space    used 8197K, committed 8512K, reserved 425984K
}
Event: 7.971 GC heap after
{Heap after GC invocations=26 (full 0):
 garbage-first heap   total 104448K, used 53024K [0x0000000080000000, 0x0000000100000000)
  region size 1024K, 3 young (3072K), 3 survivors (3072K)
 Metaspace       used 58129K, committed 58752K, reserved 491520K
  class space    used 8197K, committed 8512K, reserved 425984K
}
Event: 8.177 GC heap before
{Heap before GC invocations=26 (full 0):
 garbage-first heap   total 104448K, used 77600K [0x0000000080000000, 0x0000000100000000)
  region size 1024K, 28 young (28672K), 3 survivors (3072K)
 Metaspace       used 60297K, committed 60992K, reserved 491520K
  class space    used 8519K, committed 8832K, reserved 425984K
}
Event: 8.180 GC heap after
{Heap after GC invocations=27 (full 0):
 garbage-first heap   total 104448K, used 53636K [0x0000000080000000, 0x0000000100000000)
  region size 1024K, 3 young (3072K), 3 survivors (3072K)
 Metaspace       used 60297K, committed 60992K, reserved 491520K
  class space    used 8519K, committed 8832K, reserved 425984K
}
Event: 8.378 GC heap before
{Heap before GC invocations=28 (full 0):
 garbage-first heap   total 104448K, used 73092K [0x0000000080000000, 0x0000000100000000)
  region size 1024K, 23 young (23552K), 3 survivors (3072K)
 Metaspace       used 61876K, committed 62528K, reserved 491520K
  class space    used 8780K, committed 9088K, reserved 425984K
}
Event: 8.381 GC heap after
{Heap after GC invocations=29 (full 0):
 garbage-first heap   total 104448K, used 54593K [0x0000000080000000, 0x0000000100000000)
  region size 1024K, 3 young (3072K), 3 survivors (3072K)
 Metaspace       used 61876K, committed 62528K, reserved 491520K
  class space    used 8780K, committed 9088K, reserved 425984K
}
Event: 8.660 GC heap before
{Heap before GC invocations=30 (full 0):
 garbage-first heap   total 104448K, used 85313K [0x0000000080000000, 0x0000000100000000)
  region size 1024K, 30 young (30720K), 3 survivors (3072K)
 Metaspace       used 63259K, committed 63936K, reserved 491520K
  class space    used 8986K, committed 9280K, reserved 425984K
}
Event: 8.663 GC heap after
{Heap after GC invocations=31 (full 0):
 garbage-first heap   total 104448K, used 58684K [0x0000000080000000, 0x0000000100000000)
  region size 1024K, 3 young (3072K), 3 survivors (3072K)
 Metaspace       used 63259K, committed 63936K, reserved 491520K
  class space    used 8986K, committed 9280K, reserved 425984K
}
Event: 8.975 GC heap before
{Heap before GC invocations=31 (full 0):
 garbage-first heap   total 104448K, used 83260K [0x0000000080000000, 0x0000000100000000)
  region size 1024K, 28 young (28672K), 3 survivors (3072K)
 Metaspace       used 64479K, committed 65088K, reserved 491520K
  class space    used 9169K, committed 9472K, reserved 425984K
}
Event: 8.978 GC heap after
{Heap after GC invocations=32 (full 0):
 garbage-first heap   total 125952K, used 60235K [0x0000000080000000, 0x0000000100000000)
  region size 1024K, 4 young (4096K), 4 survivors (4096K)
 Metaspace       used 64479K, committed 65088K, reserved 491520K
  class space    used 9169K, committed 9472K, reserved 425984K
}
Event: 9.622 GC heap before
{Heap before GC invocations=33 (full 0):
 garbage-first heap   total 125952K, used 98123K [0x0000000080000000, 0x0000000100000000)
  region size 1024K, 41 young (41984K), 4 survivors (4096K)
 Metaspace       used 66594K, committed 67456K, reserved 491520K
  class space    used 9463K, committed 9856K, reserved 425984K
}
Event: 9.626 GC heap after
{Heap after GC invocations=34 (full 0):
 garbage-first heap   total 125952K, used 62923K [0x0000000080000000, 0x0000000100000000)
  region size 1024K, 6 young (6144K), 6 survivors (6144K)
 Metaspace       used 66594K, committed 67456K, reserved 491520K
  class space    used 9463K, committed 9856K, reserved 425984K
}

