# JRE version: OpenJDK Runtime Environment Microsoft-11369865 (17.0.15+6) (build 17.0.15+6-LTS)
# Java VM: OpenJDK 64-Bit Server VM Microsoft-11369865 (17.0.15+6-LTS, mixed mode, sharing, tiered, compressed oops, compressed class ptrs, g1 gc, windows-amd64)
GC Precious Log:
 CPUs: 12 total, 12 available
 Memory: 16068M
 Large Page Support: Disabled
 NUMA Support: Disabled
 Compressed Oops: Enabled (32-bit)
 Heap Region Size: 1M
 Heap Min Capacity: 8M
 Heap Initial Capacity: 252M
 Heap Max Capacity: 2G
 Pre-touch: Disabled
 Parallel Workers: 10
 Concurrent Workers: 3
 Concurrent Refinement Workers: 10
 Periodic GC: Disabled
Heap:
 garbage-first heap   total 261120K, used 148120K [0x0000000080000000, 0x0000000100000000)
  region size 1024K, 8 young (8192K), 8 survivors (8192K)
 Metaspace       used 117002K, committed 117952K, reserved 557056K
  class space    used 16003K, committed 16448K, reserved 425984K
GC Heap History (20 events):
Event: 61.541 GC heap after
{Heap after GC invocations=49 (full 0):
 garbage-first heap   total 183296K, used 131607K [0x0000000080000000, 0x0000000100000000)
  region size 1024K, 5 young (5120K), 5 survivors (5120K)
 Metaspace       used 116889K, committed 117824K, reserved 557056K
  class space    used 16000K, committed 16448K, reserved 425984K
}
Event: 61.591 GC heap before
{Heap before GC invocations=49 (full 0):
 garbage-first heap   total 183296K, used 158231K [0x0000000080000000, 0x0000000100000000)
  region size 1024K, 31 young (31744K), 5 survivors (5120K)
 Metaspace       used 116898K, committed 117888K, reserved 557056K
  class space    used 16000K, committed 16448K, reserved 425984K
}
Event: 61.594 GC heap after
{Heap after GC invocations=50 (full 0):
 garbage-first heap   total 183296K, used 132234K [0x0000000080000000, 0x0000000100000000)
  region size 1024K, 3 young (3072K), 3 survivors (3072K)
 Metaspace       used 116898K, committed 117888K, reserved 557056K
  class space    used 16000K, committed 16448K, reserved 425984K
}
Event: 61.653 GC heap before
{Heap before GC invocations=50 (full 0):
 garbage-first heap   total 183296K, used 158858K [0x0000000080000000, 0x0000000100000000)
  region size 1024K, 30 young (30720K), 3 survivors (3072K)
 Metaspace       used 116910K, committed 117888K, reserved 557056K
  class space    used 16001K, committed 16448K, reserved 425984K
}
Event: 61.656 GC heap after
{Heap after GC invocations=51 (full 0):
 garbage-first heap   total 183296K, used 133256K [0x0000000080000000, 0x0000000100000000)
  region size 1024K, 2 young (2048K), 2 survivors (2048K)
 Metaspace       used 116910K, committed 117888K, reserved 557056K
  class space    used 16001K, committed 16448K, reserved 425984K
}
Event: 61.695 GC heap before
{Heap before GC invocations=51 (full 0):
 garbage-first heap   total 183296K, used 159880K [0x0000000080000000, 0x0000000100000000)
  region size 1024K, 28 young (28672K), 2 survivors (2048K)
 Metaspace       used 116914K, committed 117888K, reserved 557056K
  class space    used 16002K, committed 16448K, reserved 425984K
}
Event: 61.698 GC heap after
{Heap after GC invocations=52 (full 0):
 garbage-first heap   total 183296K, used 134985K [0x0000000080000000, 0x0000000100000000)
  region size 1024K, 3 young (3072K), 3 survivors (3072K)
 Metaspace       used 116914K, committed 117888K, reserved 557056K
  class space    used 16002K, committed 16448K, reserved 425984K
}
Event: 61.813 GC heap before
{Heap before GC invocations=52 (full 0):
 garbage-first heap   total 183296K, used 160585K [0x0000000080000000, 0x0000000100000000)
  region size 1024K, 30 young (30720K), 3 survivors (3072K)
 Metaspace       used 116925K, committed 117888K, reserved 557056K
  class space    used 16002K, committed 16448K, reserved 425984K
}
Event: 61.816 GC heap after
{Heap after GC invocations=53 (full 0):
 garbage-first heap   total 183296K, used 135947K [0x0000000080000000, 0x0000000100000000)
  region size 1024K, 3 young (3072K), 3 survivors (3072K)
 Metaspace       used 116925K, committed 117888K, reserved 557056K
  class space    used 16002K, committed 16448K, reserved 425984K
}
Event: 61.856 GC heap before
{Heap before GC invocations=53 (full 0):
 garbage-first heap   total 183296K, used 159499K [0x0000000080000000, 0x0000000100000000)
  region size 1024K, 27 young (27648K), 3 survivors (3072K)
 Metaspace       used 116925K, committed 117888K, reserved 557056K
  class space    used 16002K, committed 16448K, reserved 425984K
}
Event: 61.860 GC heap after
{Heap after GC invocations=54 (full 0):
 garbage-first heap   total 260096K, used 136554K [0x0000000080000000, 0x0000000100000000)
  region size 1024K, 3 young (3072K), 3 survivors (3072K)
 Metaspace       used 116925K, committed 117888K, reserved 557056K
  class space    used 16002K, committed 16448K, reserved 425984K
}
Event: 62.218 GC heap before
{Heap before GC invocations=54 (full 0):
 garbage-first heap   total 260096K, used 221546K [0x0000000080000000, 0x0000000100000000)
  region size 1024K, 87 young (89088K), 3 survivors (3072K)
 Metaspace       used 116939K, committed 117888K, reserved 557056K
  class space    used 16003K, committed 16448K, reserved 425984K
}
Event: 62.222 GC heap after
{Heap after GC invocations=55 (full 0):
 garbage-first heap   total 260096K, used 137929K [0x0000000080000000, 0x0000000100000000)
  region size 1024K, 5 young (5120K), 5 survivors (5120K)
 Metaspace       used 116939K, committed 117888K, reserved 557056K
  class space    used 16003K, committed 16448K, reserved 425984K
}
Event: 62.421 GC heap before
{Heap before GC invocations=55 (full 0):
 garbage-first heap   total 260096K, used 221897K [0x0000000080000000, 0x0000000100000000)
  region size 1024K, 88 young (90112K), 5 survivors (5120K)
 Metaspace       used 116951K, committed 117952K, reserved 557056K
  class space    used 16003K, committed 16448K, reserved 425984K
}
Event: 62.426 GC heap after
{Heap after GC invocations=56 (full 0):
 garbage-first heap   total 260096K, used 141422K [0x0000000080000000, 0x0000000100000000)
  region size 1024K, 9 young (9216K), 9 survivors (9216K)
 Metaspace       used 116951K, committed 117952K, reserved 557056K
  class space    used 16003K, committed 16448K, reserved 425984K
}
Event: 62.522 GC heap before
{Heap before GC invocations=56 (full 0):
 garbage-first heap   total 260096K, used 221294K [0x0000000080000000, 0x0000000100000000)
  region size 1024K, 88 young (90112K), 9 survivors (9216K)
 Metaspace       used 116954K, committed 117952K, reserved 557056K
  class space    used 16003K, committed 16448K, reserved 425984K
}
Event: 62.527 GC heap after
{Heap after GC invocations=57 (full 0):
 garbage-first heap   total 260096K, used 144048K [0x0000000080000000, 0x0000000100000000)
  region size 1024K, 9 young (9216K), 9 survivors (9216K)
 Metaspace       used 116954K, committed 117952K, reserved 557056K
  class space    used 16003K, committed 16448K, reserved 425984K
}
Event: 62.748 GC heap before
{Heap before GC invocations=57 (full 0):
 garbage-first heap   total 260096K, used 222896K [0x0000000080000000, 0x0000000100000000)
  region size 1024K, 86 young (88064K), 9 survivors (9216K)
 Metaspace       used 116976K, committed 117952K, reserved 557056K
  class space    used 16003K, committed 16448K, reserved 425984K
}
Event: 62.753 GC heap after
{Heap after GC invocations=58 (full 0):
 garbage-first heap   total 260096K, used 144732K [0x0000000080000000, 0x0000000100000000)
  region size 1024K, 6 young (6144K), 6 survivors (6144K)
 Metaspace       used 116976K, committed 117952K, reserved 557056K
  class space    used 16003K, committed 16448K, reserved 425984K
}
Event: 63.013 GC heap before
{Heap before GC invocations=58 (full 0):
 garbage-first heap   total 260096K, used 224604K [0x0000000080000000, 0x0000000100000000)
  region size 1024K, 83 young (84992K), 6 survivors (6144K)
 Metaspace       used 117002K, committed 117952K, reserved 557056K
  class space    used 16003K, committed 16448K, reserved 425984K
}

